INFO:root:Synchronisatie gestart.
INFO:root:Pullen voor Portfolio
INFO:root:Pullen voor MindOfDevelopment-discord
INFO:root:Pullen voor github-auto-pull
INFO:root:Pullen voor Portfolio
INFO:root:Pullen voor MindOfDevelopment-discord
INFO:root:Pullen voor github-auto-pull
INFO:root:Pullen voor Portfolio
INFO:root:Pullen voor MindOfDevelopment-discord
INFO:root:Pullen voor github-auto-pull
INFO:root:Synchronisatie gestart.
INFO:root:Pullen voor Portfolio
INFO:root:Pullen voor MindOfDevelopment-discord
INFO:root:Pullen voor Portfolio
INFO:root:Pullen voor MindOfDevelopment-discord
INFO:root:Pullen voor Portfolio
INFO:root:Pullen voor MindOfDevelopment-discord
INFO:root:Synchronisatie gestart.
INFO:root:Pullen voor Portfolio
INFO:root:Pullen voor MindOfDevelopment-discord
INFO:root:Pullen voor github-auto-pull
INFO:root:Pullen voor Portfolio
INFO:root:Pullen voor MindOfDevelopment-discord
INFO:root:Pullen voor github-auto-pull
INFO:root:Pullen voor Portfolio
INFO:root:Pullen voor MindOfDevelopment-discord
INFO:root:Pullen voor github-auto-pull
INFO:root:Notificatie verzonden.
INFO:root:Pullen voor Portfolio
INFO:root:Pullen voor MindOfDevelopment-discord
INFO:root:Pullen voor github-auto-pull
INFO:root:Pullen voor Portfolio
INFO:root:Pullen voor MindOfDevelopment-discord
INFO:root:Pullen voor github-auto-pull
INFO:root:Notificatie verzonden.
INFO:root:Pullen voor Portfolio
INFO:root:Pullen voor MindOfDevelopment-discord
INFO:root:Pullen voor github-auto-pull
INFO:root:Pullen voor Portfolio
INFO:root:Pullen voor MindOfDevelopment-discord
INFO:root:Pullen voor github-auto-pull
INFO:root:Pullen voor Portfolio
INFO:root:Pullen voor MindOfDevelopment-discord
INFO:root:Pullen voor github-auto-pull
INFO:root:Pullen voor Portfolio
INFO:root:Pullen voor MindOfDevelopment-discord
INFO:root:Pullen voor github-auto-pull
INFO:root:Pullen voor Portfolio
INFO:root:Pullen voor MindOfDevelopment-discord
INFO:root:Pullen voor github-auto-pull
INFO:root:Pullen voor Portfolio
INFO:root:Pullen voor MindOfDevelopment-discord
INFO:root:Pullen voor github-auto-pull
INFO:root:Pullen voor Portfolio
INFO:root:Pullen voor MindOfDevelopment-discord
INFO:root:Pullen voor github-auto-pull
INFO:root:Pullen voor Portfolio
INFO:root:Pullen voor MindOfDevelopment-discord
INFO:root:Pullen voor github-auto-pull
INFO:root:Pullen voor Portfolio
INFO:root:Pullen voor MindOfDevelopment-discord
INFO:root:Pullen voor github-auto-pull
INFO:root:Pullen voor Portfolio
INFO:root:Pullen voor MindOfDevelopment-discord
INFO:root:Pullen voor github-auto-pull
INFO:root:Pullen voor Portfolio
INFO:root:Pullen voor MindOfDevelopment-discord
INFO:root:Pullen voor github-auto-pull
INFO:root:Pullen voor Portfolio
INFO:root:Pullen voor MindOfDevelopment-discord
INFO:root:Pullen voor github-auto-pull
INFO:root:Pullen voor Portfolio
INFO:root:Pullen voor MindOfDevelopment-discord
INFO:root:Pullen voor github-auto-pull
INFO:root:Pullen voor Portfolio
INFO:root:Pullen voor MindOfDevelopment-discord
INFO:root:Pullen voor github-auto-pull
INFO:root:Pullen voor Portfolio
INFO:root:Pullen voor MindOfDevelopment-discord
INFO:root:Pullen voor github-auto-pull
INFO:root:Pullen voor Portfolio
INFO:root:Pullen voor MindOfDevelopment-discord
INFO:root:Pullen voor github-auto-pull
INFO:root:Pullen voor Portfolio
INFO:root:Pullen voor MindOfDevelopment-discord
INFO:root:Pullen voor github-auto-pull
INFO:root:Pullen voor Portfolio
INFO:root:Pullen voor MindOfDevelopment-discord
INFO:root:Pullen voor github-auto-pull
INFO:root:Pullen voor Portfolio
INFO:root:Pullen voor MindOfDevelopment-discord
INFO:root:Pullen voor github-auto-pull
INFO:root:Pullen voor Portfolio
INFO:root:Pullen voor MindOfDevelopment-discord
INFO:root:Pullen voor github-auto-pull
INFO:root:Pullen voor Portfolio
INFO:root:Pullen voor MindOfDevelopment-discord
INFO:root:Pullen voor github-auto-pull
INFO:root:Pullen voor Portfolio
INFO:root:Pullen voor MindOfDevelopment-discord
INFO:root:Pullen voor github-auto-pull
INFO:root:Pullen voor Portfolio
INFO:root:Pullen voor MindOfDevelopment-discord
INFO:root:Pullen voor github-auto-pull
INFO:root:Pullen voor Portfolio
INFO:root:Pullen voor MindOfDevelopment-discord
INFO:root:Pullen voor github-auto-pull
INFO:root:Pullen voor Portfolio
INFO:root:Pullen voor MindOfDevelopment-discord
INFO:root:Pullen voor github-auto-pull
INFO:root:Pullen voor Portfolio
INFO:root:Pullen voor MindOfDevelopment-discord
INFO:root:Pullen voor github-auto-pull
INFO:root:Pullen voor Portfolio
INFO:root:Pullen voor MindOfDevelopment-discord
INFO:root:Pullen voor github-auto-pull
INFO:root:Pullen voor Portfolio
INFO:root:Pullen voor MindOfDevelopment-discord
INFO:root:Pullen voor github-auto-pull
INFO:root:Pullen voor Portfolio
INFO:root:Pullen voor MindOfDevelopment-discord
INFO:root:Pullen voor github-auto-pull
INFO:root:Pullen voor Portfolio
INFO:root:Pullen voor MindOfDevelopment-discord
INFO:root:Pullen voor github-auto-pull
INFO:root:Pullen voor Portfolio
INFO:root:Pullen voor MindOfDevelopment-discord
INFO:root:Pullen voor github-auto-pull
INFO:root:Pullen voor Portfolio
INFO:root:Pullen voor MindOfDevelopment-discord
INFO:root:Pullen voor github-auto-pull
INFO:root:Pullen voor Portfolio
INFO:root:Pullen voor MindOfDevelopment-discord
INFO:root:Pullen voor github-auto-pull
INFO:root:Pullen voor Portfolio
INFO:root:Pullen voor MindOfDevelopment-discord
INFO:root:Pullen voor github-auto-pull
INFO:root:Pullen voor Portfolio
INFO:root:Pullen voor MindOfDevelopment-discord
INFO:root:Pullen voor github-auto-pull
INFO:root:Pullen voor Portfolio
INFO:root:Pullen voor MindOfDevelopment-discord
INFO:root:Pullen voor github-auto-pull
INFO:root:Pullen voor Portfolio
INFO:root:Pullen voor MindOfDevelopment-discord
INFO:root:Pullen voor github-auto-pull
INFO:root:Pullen voor Portfolio
INFO:root:Pullen voor MindOfDevelopment-discord
INFO:root:Pullen voor github-auto-pull
INFO:root:Notificatie verzonden.
INFO:root:Synchronisatie gestart.
INFO:root:Discord notificatie succesvol verzonden
INFO:root:Pullen voor Portfolio
INFO:root:Pullen voor MindOfDevelopment-discord
INFO:root:Pullen voor github-auto-pull
ERROR:root:Fout tijdens synchronisatie: name 'os' is not defined
INFO:root:Discord notificatie succesvol verzonden
INFO:root:Pullen voor Portfolio
INFO:root:Pullen voor MindOfDevelopment-discord
INFO:root:Pullen voor github-auto-pull
ERROR:root:Fout tijdens synchronisatie: name 'os' is not defined
INFO:root:Discord notificatie succesvol verzonden
INFO:root:Pullen voor Portfolio
INFO:root:Pullen voor MindOfDevelopment-discord
INFO:root:Pullen voor github-auto-pull
ERROR:root:Fout tijdens synchronisatie: name 'os' is not defined
INFO:root:Discord notificatie succesvol verzonden
INFO:root:Pullen voor Portfolio
INFO:root:Pullen voor MindOfDevelopment-discord
INFO:root:Pullen voor github-auto-pull
ERROR:root:Fout tijdens synchronisatie: name 'os' is not defined
INFO:root:Discord notificatie succesvol verzonden
INFO:root:Pullen voor Portfolio
INFO:root:Pullen voor MindOfDevelopment-discord
INFO:root:Pullen voor github-auto-pull
ERROR:root:Fout tijdens synchronisatie: name 'os' is not defined
INFO:root:Discord notificatie succesvol verzonden
INFO:root:Pullen voor Portfolio
INFO:root:Pullen voor MindOfDevelopment-discord
INFO:root:Pullen voor github-auto-pull
INFO:root:Discord notificatie succesvol verzonden
ERROR:root:Fout tijdens synchronisatie: name 'os' is not defined
INFO:root:Discord notificatie succesvol verzonden
INFO:root:Synchronisatie gestart.
INFO:root:Discord notificatie succesvol verzonden
INFO:root:Pullen voor Portfolio
INFO:root:Pullen voor MindOfDevelopment-discord
INFO:root:Pullen voor github-auto-pull
INFO:root:Pullen voor Portfolio
INFO:root:Pullen voor MindOfDevelopment-discord
INFO:root:Pullen voor github-auto-pull
INFO:root:Pullen voor Portfolio
INFO:root:Pullen voor MindOfDevelopment-discord
INFO:root:Pullen voor github-auto-pull
INFO:root:Discord notificatie succesvol verzonden
INFO:root:Pullen voor Portfolio
INFO:root:Pullen voor MindOfDevelopment-discord
INFO:root:Pullen voor github-auto-pull
INFO:root:Pullen voor Portfolio
INFO:root:Pullen voor MindOfDevelopment-discord
INFO:root:Pullen voor github-auto-pull
INFO:root:Pullen voor Portfolio
INFO:root:Pullen voor MindOfDevelopment-discord
INFO:root:Pullen voor github-auto-pull
INFO:root:Pullen voor Portfolio
INFO:root:Pullen voor MindOfDevelopment-discord
INFO:root:Pullen voor github-auto-pull
INFO:root:Pullen voor Portfolio
INFO:root:Pullen voor MindOfDevelopment-discord
INFO:root:Pullen voor github-auto-pull
INFO:root:Pullen voor Portfolio
INFO:root:Pullen voor MindOfDevelopment-discord
INFO:root:Pullen voor github-auto-pull
INFO:root:Pullen voor Portfolio
INFO:root:Pullen voor MindOfDevelopment-discord
INFO:root:Pullen voor github-auto-pull
INFO:root:Pullen voor Portfolio
INFO:root:Pullen voor MindOfDevelopment-discord
INFO:root:Pullen voor github-auto-pull
INFO:root:Pullen voor Portfolio
INFO:root:Pullen voor MindOfDevelopment-discord
INFO:root:Pullen voor github-auto-pull
INFO:root:Pullen voor Portfolio
INFO:root:Pullen voor MindOfDevelopment-discord
INFO:root:Pullen voor github-auto-pull
INFO:root:Pullen voor Portfolio
INFO:root:Pullen voor MindOfDevelopment-discord
INFO:root:Pullen voor github-auto-pull
INFO:root:Pullen voor Portfolio
INFO:root:Pullen voor MindOfDevelopment-discord
INFO:root:Pullen voor github-auto-pull
INFO:root:Pullen voor Portfolio
INFO:root:Pullen voor MindOfDevelopment-discord
INFO:root:Pullen voor github-auto-pull
INFO:root:Pullen voor Portfolio
INFO:root:Pullen voor MindOfDevelopment-discord
INFO:root:Pullen voor github-auto-pull
INFO:root:Pullen voor Portfolio
INFO:root:Pullen voor MindOfDevelopment-discord
INFO:root:Pullen voor github-auto-pull
INFO:root:Pullen voor Portfolio
INFO:root:Pullen voor MindOfDevelopment-discord
INFO:root:Pullen voor github-auto-pull
INFO:root:Pullen voor Portfolio
INFO:root:Pullen voor MindOfDevelopment-discord
INFO:root:Pullen voor github-auto-pull
INFO:root:Pullen voor Portfolio
INFO:root:Pullen voor MindOfDevelopment-discord
INFO:root:Pullen voor github-auto-pull
INFO:root:Pullen voor Portfolio
INFO:root:Pullen voor MindOfDevelopment-discord
INFO:root:Pullen voor github-auto-pull
INFO:root:Pullen voor Portfolio
INFO:root:Pullen voor MindOfDevelopment-discord
INFO:root:Pullen voor github-auto-pull
INFO:root:Pullen voor Portfolio
INFO:root:Pullen voor MindOfDevelopment-discord
INFO:root:Pullen voor github-auto-pull
INFO:root:Discord notificatie succesvol verzonden
INFO:root:Synchronisatie gestart.
INFO:root:Discord notificatie succesvol verzonden
INFO:root:Pullen voor Portfolio
INFO:root:Pullen voor MindOfDevelopment-discord
INFO:root:Pullen voor github-auto-pull
INFO:root:Pullen voor Portfolio
INFO:root:Pullen voor MindOfDevelopment-discord
INFO:root:Pullen voor github-auto-pull
INFO:root:Pullen voor Portfolio
INFO:root:Pullen voor MindOfDevelopment-discord
INFO:root:Pullen voor github-auto-pull
INFO:root:Discord notificatie succesvol verzonden
INFO:root:Pullen voor Portfolio
INFO:root:Pullen voor MindOfDevelopment-discord
INFO:root:Pullen voor github-auto-pull
INFO:root:Pullen voor Portfolio
INFO:root:Pullen voor MindOfDevelopment-discord
INFO:root:Pullen voor github-auto-pull
INFO:root:Pullen voor Portfolio
INFO:root:Pullen voor MindOfDevelopment-discord
INFO:root:Pullen voor github-auto-pull
INFO:root:Discord notificatie succesvol verzonden
INFO:root:Pullen voor Portfolio
INFO:root:Pullen voor MindOfDevelopment-discord
INFO:root:Pullen voor github-auto-pull
INFO:root:Pullen voor Portfolio
INFO:root:Pullen voor MindOfDevelopment-discord
INFO:root:Pullen voor github-auto-pull
INFO:root:Discord notificatie succesvol verzonden
INFO:root:Pullen voor Portfolio
INFO:root:Pullen voor MindOfDevelopment-discord
INFO:root:Pullen voor github-auto-pull
INFO:root:Pullen voor Portfolio
INFO:root:Pullen voor MindOfDevelopment-discord
INFO:root:Pullen voor github-auto-pull
INFO:root:Pullen voor Portfolio
INFO:root:Pullen voor MindOfDevelopment-discord
INFO:root:Pullen voor github-auto-pull
INFO:root:Pullen voor Portfolio
INFO:root:Pullen voor MindOfDevelopment-discord
INFO:root:Pullen voor github-auto-pull
INFO:root:Pullen voor Portfolio
INFO:root:Pullen voor MindOfDevelopment-discord
INFO:root:Pullen voor github-auto-pull
INFO:root:Pullen voor Portfolio
INFO:root:Pullen voor MindOfDevelopment-discord
INFO:root:Pullen voor github-auto-pull
INFO:root:Pullen voor Portfolio
INFO:root:Pullen voor MindOfDevelopment-discord
INFO:root:Pullen voor github-auto-pull
INFO:root:Pullen voor Portfolio
INFO:root:Pullen voor MindOfDevelopment-discord
INFO:root:Pullen voor github-auto-pull
INFO:root:Pullen voor Portfolio
INFO:root:Pullen voor MindOfDevelopment-discord
INFO:root:Pullen voor github-auto-pull
INFO:root:Pullen voor Portfolio
INFO:root:Pullen voor MindOfDevelopment-discord
INFO:root:Pullen voor github-auto-pull
INFO:root:Pullen voor Portfolio
INFO:root:Pullen voor MindOfDevelopment-discord
INFO:root:Pullen voor github-auto-pull
INFO:root:Pullen voor Portfolio
INFO:root:Pullen voor MindOfDevelopment-discord
INFO:root:Pullen voor github-auto-pull
INFO:root:Pullen voor Portfolio
INFO:root:Pullen voor MindOfDevelopment-discord
INFO:root:Pullen voor github-auto-pull
INFO:root:Pullen voor Portfolio
INFO:root:Pullen voor MindOfDevelopment-discord
INFO:root:Pullen voor github-auto-pull
INFO:root:Pullen voor Portfolio
INFO:root:Pullen voor MindOfDevelopment-discord
INFO:root:Pullen voor github-auto-pull
INFO:root:Pullen voor Portfolio
INFO:root:Pullen voor MindOfDevelopment-discord
INFO:root:Pullen voor github-auto-pull
INFO:root:Pullen voor Portfolio
INFO:root:Pullen voor MindOfDevelopment-discord
INFO:root:Pullen voor github-auto-pull
INFO:root:Pullen voor Portfolio
INFO:root:Pullen voor MindOfDevelopment-discord
INFO:root:Pullen voor github-auto-pull
INFO:root:Pullen voor Portfolio
INFO:root:Pullen voor MindOfDevelopment-discord
INFO:root:Pullen voor github-auto-pull
INFO:root:Pullen voor Portfolio
INFO:root:Pullen voor MindOfDevelopment-discord
INFO:root:Pullen voor github-auto-pull
INFO:root:Pullen voor Portfolio
INFO:root:Pullen voor MindOfDevelopment-discord
INFO:root:Pullen voor github-auto-pull
INFO:root:Pullen voor Portfolio
INFO:root:Pullen voor MindOfDevelopment-discord
INFO:root:Pullen voor github-auto-pull
INFO:root:Pullen voor Portfolio
INFO:root:Pullen voor MindOfDevelopment-discord
INFO:root:Pullen voor github-auto-pull
INFO:root:Pullen voor Portfolio
INFO:root:Pullen voor MindOfDevelopment-discord
INFO:root:Pullen voor github-auto-pull
INFO:root:Pullen voor Portfolio
INFO:root:Pullen voor MindOfDevelopment-discord
INFO:root:Pullen voor github-auto-pull
INFO:root:Pullen voor Portfolio
INFO:root:Pullen voor MindOfDevelopment-discord
INFO:root:Pullen voor github-auto-pull
INFO:root:Pullen voor Portfolio
INFO:root:Pullen voor MindOfDevelopment-discord
INFO:root:Pullen voor github-auto-pull
INFO:root:Pullen voor Portfolio
INFO:root:Pullen voor MindOfDevelopment-discord
INFO:root:Pullen voor github-auto-pull
INFO:root:Pullen voor Portfolio
INFO:root:Pullen voor MindOfDevelopment-discord
INFO:root:Pullen voor github-auto-pull
INFO:root:Pullen voor Portfolio
INFO:root:Pullen voor MindOfDevelopment-discord
INFO:root:Pullen voor github-auto-pull
INFO:root:Discord notificatie succesvol verzonden
INFO:root:Pullen voor Portfolio
INFO:root:Synchronisatie gestart.
INFO:root:Discord notificatie succesvol verzonden
INFO:root:Pullen voor Portfolio
INFO:root:Pullen voor MindOfDevelopment-discord
INFO:root:Pullen voor github-auto-pull
INFO:root:Pullen voor Portfolio
INFO:root:Pullen voor MindOfDevelopment-discord
INFO:root:Pullen voor github-auto-pull
INFO:root:Pullen voor Portfolio
INFO:root:Pullen voor MindOfDevelopment-discord
INFO:root:Pullen voor github-auto-pull
INFO:root:Pullen voor Portfolio
INFO:root:Pullen voor MindOfDevelopment-discord
INFO:root:Pullen voor github-auto-pull
WARNING:root:Discord notificatie verzenden gaf status code: 400
INFO:root:Pullen voor Portfolio
INFO:root:Pullen voor MindOfDevelopment-discord
INFO:root:Pullen voor github-auto-pull
INFO:root:Pullen voor Portfolio
INFO:root:Pullen voor MindOfDevelopment-discord
INFO:root:Pullen voor github-auto-pull
INFO:root:Pullen voor Portfolio
INFO:root:Pullen voor MindOfDevelopment-discord
INFO:root:Pullen voor github-auto-pull
INFO:root:Pullen voor Portfolio
INFO:root:Pullen voor MindOfDevelopment-discord
INFO:root:Pullen voor github-auto-pull
INFO:root:Pullen voor Portfolio
INFO:root:Pullen voor MindOfDevelopment-discord
INFO:root:Pullen voor github-auto-pull
WARNING:root:Discord notificatie verzenden gaf status code: 400
INFO:root:Pullen voor Portfolio
INFO:root:Pullen voor MindOfDevelopment-discord
INFO:root:Pullen voor github-auto-pull
INFO:root:Synchronisatie gestart.
INFO:root:Discord notificatie succesvol verzonden
INFO:root:Synchronisatie gestart.
INFO:root:Discord notificatie succesvol verzonden
INFO:root:Pullen voor github-auto-pull
WARNING:root:Discord notificatie verzenden gaf status code: 400
INFO:root:Pullen voor github-auto-pull
INFO:root:Pullen voor github-auto-pull
INFO:root:Pullen voor github-auto-pull
INFO:root:Pullen voor github-auto-pull
INFO:root:Pullen voor github-auto-pull
INFO:root:Pullen voor github-auto-pull
INFO:root:Pullen voor github-auto-pull
INFO:root:Pullen voor github-auto-pull
INFO:root:Pullen voor github-auto-pull
